<?xml version="1.0" encoding="UTF-8"?>
<testsuite name="Utest" tests="1" skipped="0" failures="1" errors="0" timestamp="2021-04-17T01:50:25" hostname="LAPTOP-56O19C0A" time="57.745">
  <properties/>
  <testcase name="register a user" classname="Utest" time="57.745">
    <failure message="org.openqa.selenium.ElementNotInteractableException: element not interactable&#10;  (Session info: chrome=89.0.4389.128)&#10;Build info: version: '3.141.59', revision: 'e82be7d358', time: '2018-11-14T08:17:03'&#10;System info: host: 'LAPTOP-56O19C0A', ip: '172.30.112.1', os.name: 'Windows 10', os.arch: 'amd64', os.version: '10.0', java.version: '1.8.0_181'&#10;Driver info: org.openqa.selenium.chrome.ChromeDriver&#10;Capabilities {acceptInsecureCerts: false, browserName: chrome, browserVersion: 89.0.4389.128, chrome: {chromedriverVersion: 89.0.4389.23 (61b08ee2c5002..., userDataDir: C:\Users\pc\AppData\Local\T...}, goog:chromeOptions: {debuggerAddress: localhost:8779}, javascriptEnabled: true, networkConnectionEnabled: false, pageLoadStrategy: normal, platform: WINDOWS, platformName: WINDOWS, proxy: Proxy(), setWindowRect: true, strictFileInteractability: false, timeouts: {implicit: 0, pageLoad: 300000, script: 30000}, unhandledPromptBehavior: dismiss and notify, webauthn:extension:largeBlob: true, webauthn:virtualAuthenticators: true}&#10;Session ID: 006e8a294ae1ddce0c4d03ce45828f4e" type="org.openqa.selenium.ElementNotInteractableException">org.openqa.selenium.ElementNotInteractableException: element not interactable
  (Session info: chrome=89.0.4389.128)
Build info: version: '3.141.59', revision: 'e82be7d358', time: '2018-11-14T08:17:03'
System info: host: 'LAPTOP-56O19C0A', ip: '172.30.112.1', os.name: 'Windows 10', os.arch: 'amd64', os.version: '10.0', java.version: '1.8.0_181'
Driver info: org.openqa.selenium.chrome.ChromeDriver
Capabilities {acceptInsecureCerts: false, browserName: chrome, browserVersion: 89.0.4389.128, chrome: {chromedriverVersion: 89.0.4389.23 (61b08ee2c5002..., userDataDir: C:\Users\pc\AppData\Local\T...}, goog:chromeOptions: {debuggerAddress: localhost:8779}, javascriptEnabled: true, networkConnectionEnabled: false, pageLoadStrategy: normal, platform: WINDOWS, platformName: WINDOWS, proxy: Proxy(), setWindowRect: true, strictFileInteractability: false, timeouts: {implicit: 0, pageLoad: 300000, script: 30000}, unhandledPromptBehavior: dismiss and notify, webauthn:extension:largeBlob: true, webauthn:virtualAuthenticators: true}
Session ID: 006e8a294ae1ddce0c4d03ce45828f4e
	at sun.reflect.NativeConstructorAccessorImpl.newInstance0(Native Method)
	at sun.reflect.NativeConstructorAccessorImpl.newInstance(NativeConstructorAccessorImpl.java:62)
	at sun.reflect.DelegatingConstructorAccessorImpl.newInstance(DelegatingConstructorAccessorImpl.java:45)
	at java.lang.reflect.Constructor.newInstance(Constructor.java:423)
	at org.openqa.selenium.remote.http.W3CHttpResponseCodec.createException(W3CHttpResponseCodec.java:187)
	at org.openqa.selenium.remote.http.W3CHttpResponseCodec.decode(W3CHttpResponseCodec.java:122)
	at org.openqa.selenium.remote.http.W3CHttpResponseCodec.decode(W3CHttpResponseCodec.java:49)
	at org.openqa.selenium.remote.HttpCommandExecutor.execute(HttpCommandExecutor.java:158)
	at org.openqa.selenium.remote.service.DriverCommandExecutor.execute(DriverCommandExecutor.java:83)
	at org.openqa.selenium.remote.RemoteWebDriver.execute(RemoteWebDriver.java:552)
	at org.openqa.selenium.remote.RemoteWebElement.execute(RemoteWebElement.java:285)
	at org.openqa.selenium.remote.RemoteWebElement.sendKeys(RemoteWebElement.java:106)
	at net.serenitybdd.core.pages.ClearContents.lambda$static$0(ClearContents.java:16)
	at net.serenitybdd.core.pages.ClearContents.ofElement(ClearContents.java:31)
	at net.serenitybdd.core.pages.WebElementFacadeImpl.clear(WebElementFacadeImpl.java:1261)
	at net.serenitybdd.core.pages.WebElementFacadeImpl.type(WebElementFacadeImpl.java:812)
	at net.serenitybdd.screenplay.actions.EnterValueIntoTarget.performAs(EnterValueIntoTarget.java:18)
	at net.serenitybdd.screenplay.actions.EnterValueIntoTarget$ByteBuddy$GeVhwWwZ.performAs$accessor$5n3vT1jg(Unknown Source)
	at sun.reflect.NativeMethodAccessorImpl.invoke0(Native Method)
	at sun.reflect.NativeMethodAccessorImpl.invoke(NativeMethodAccessorImpl.java:62)
	at sun.reflect.DelegatingMethodAccessorImpl.invoke(DelegatingMethodAccessorImpl.java:43)
	at java.lang.reflect.Method.invoke(Method.java:498)
	at net.thucydides.core.steps.StepInterceptor.invokeMethod(StepInterceptor.java:471)
	at net.thucydides.core.steps.StepInterceptor.executeTestStepMethod(StepInterceptor.java:451)
	at net.thucydides.core.steps.StepInterceptor.runTestStep(StepInterceptor.java:424)
	at net.thucydides.core.steps.StepInterceptor.runOrSkipMethod(StepInterceptor.java:180)
	at net.thucydides.core.steps.StepInterceptor.testStepResult(StepInterceptor.java:167)
	at net.thucydides.core.steps.StepInterceptor.intercept(StepInterceptor.java:75)
	at net.serenitybdd.screenplay.actions.EnterValueIntoTarget$ByteBuddy$GeVhwWwZ.performAs(Unknown Source)
	at net.serenitybdd.screenplay.Actor.performTask(Actor.java:233)
	at net.serenitybdd.screenplay.Actor.perform(Actor.java:214)
	at net.serenitybdd.screenplay.Actor.attemptsTo(Actor.java:171)
	at co_com_choucair_reto_retouTest.tasks.Registr.performAs(Registr.java:66)
	at co_com_choucair_reto_retouTest.tasks.Registr$ByteBuddy$bQdMp2fM.performAs$accessor$PHSvVfxr(Unknown Source)
	at sun.reflect.NativeMethodAccessorImpl.invoke0(Native Method)
	at sun.reflect.NativeMethodAccessorImpl.invoke(NativeMethodAccessorImpl.java:62)
	at sun.reflect.DelegatingMethodAccessorImpl.invoke(DelegatingMethodAccessorImpl.java:43)
	at java.lang.reflect.Method.invoke(Method.java:498)
	at net.thucydides.core.steps.StepInterceptor.invokeMethod(StepInterceptor.java:471)
	at net.thucydides.core.steps.StepInterceptor.executeTestStepMethod(StepInterceptor.java:451)
	at net.thucydides.core.steps.StepInterceptor.runTestStep(StepInterceptor.java:424)
	at net.thucydides.core.steps.StepInterceptor.runOrSkipMethod(StepInterceptor.java:180)
	at net.thucydides.core.steps.StepInterceptor.testStepResult(StepInterceptor.java:167)
	at net.thucydides.core.steps.StepInterceptor.intercept(StepInterceptor.java:75)
	at co_com_choucair_reto_retouTest.tasks.Registr$ByteBuddy$bQdMp2fM.performAs(Unknown Source)
	at net.serenitybdd.screenplay.Actor.performTask(Actor.java:233)
	at net.serenitybdd.screenplay.Actor.perform(Actor.java:214)
	at net.serenitybdd.screenplay.Actor.attemptsTo(Actor.java:171)
	at net.serenitybdd.screenplay.Actor.wasAbleTo(Actor.java:158)
	at co_com_choucair_reto_retouTest.stepdefinitions.UtestStepdefinitions.thatMateoWantsToRegisterOnThePageUtest(UtestStepdefinitions.java:25)
	at ✽.that mateo wants to register on the page Utest(src/test/resources/features/uTest.feature:6)
</failure>
  </testcase>
  <system-out><![CDATA[]]></system-out>
  <system-err><![CDATA[[Test worker] WARN net.thucydides.core.steps.BaseStepListener - stepStarted: net.thucydides.core.steps.ExecutedStepDescription@1dffa91f
[Test worker] WARN net.thucydides.core.steps.BaseStepListener - stepStarted: net.thucydides.core.steps.ExecutedStepDescription@9a2987f
[Test worker] WARN net.thucydides.core.steps.BaseStepListener - stepStarted: net.thucydides.core.steps.ExecutedStepDescription@42a9384c
abr 16, 2021 8:50:28 PM org.openqa.selenium.remote.DesiredCapabilities chrome
INFORMACIÓN: Using `new ChromeOptions()` is preferred to `DesiredCapabilities.chrome()`
[Test worker] INFO net.serenitybdd.core.webdriver.driverproviders.ProvideNewDriver - Instantiating driver
[Test worker] INFO net.serenitybdd.core.webdriver.driverproviders.ProvideNewDriver - Driver capabilities: Capabilities {acceptInsecureCerts: false, browserName: chrome, chrome.switches: --start-maximized, goog:chromeOptions: {args: [--start-maximized], extensions: []}, loggingPrefs: org.openqa.selenium.logging..., platform: ANY, version: }
Starting ChromeDriver 89.0.4389.23 (61b08ee2c50024bab004e48d2b1b083cdbdac579-refs/branch-heads/4389@{#294}) on port 13803
Only local connections are allowed.
Please see https://chromedriver.chromium.org/security-considerations for suggestions on keeping ChromeDriver safe.
ChromeDriver was started successfully.
abr 16, 2021 8:50:35 PM org.openqa.selenium.remote.ProtocolHandshake createSession
INFORMACIÓN: Detected dialect: W3C
[Test worker] WARN net.thucydides.core.steps.BaseStepListener - stepFinished: current outcome:register a user:Example: {strFirstname=mateo, strLastname=molina, strEmail=ma@hotmail.com, strMonth=January, srtDay=hhh, strYear=kkk, strLanguages=English, strCity=Bogota, strZipPostal=1234, strCountry=Colombia, strComputer=Windows, strVersion=10, strLanguage=Spanish, strMobile=Apple, strModel=iPhone, strOperating=iOS 2.0, strPassword=123456789M#, strConfirmPassword=123456789M#, strStayInformed=<strStayInformed>, strTermsUse=<strTermsUse>, strPrivacySegurity=<strPrivacySegurity>} [Given that mateo wants to register on the page Utest
| strFirstname | strLastname | strEmail | strMonth | srtDay | strYear | strLanguages | strCity | strZipPostal | strCountry | strComputer | strVersion | strLanguage | strMobile | strModel | strOperating | strPassword | strConfirmPassword | strStayInformed | strTermsUse | strPrivacySegurity |
| mateo | molina | ma@hotmail.com | January | hhh | kkk | English | Bogota | 1234 | Colombia | Windows | 10 | Spanish | Apple | iPhone | iOS 2.0 | 123456789M# | 123456789M# | <strStayInformed> | <strTermsUse> | <strPrivacySegurity> | [Mateo open up [Mateo opens the Utest academy page]]]
[Test worker] WARN net.thucydides.core.steps.BaseStepListener - stepFinished: current outcome:register a user:Example: {strFirstname=mateo, strLastname=molina, strEmail=ma@hotmail.com, strMonth=January, srtDay=hhh, strYear=kkk, strLanguages=English, strCity=Bogota, strZipPostal=1234, strCountry=Colombia, strComputer=Windows, strVersion=10, strLanguage=Spanish, strMobile=Apple, strModel=iPhone, strOperating=iOS 2.0, strPassword=123456789M#, strConfirmPassword=123456789M#, strStayInformed=<strStayInformed>, strTermsUse=<strTermsUse>, strPrivacySegurity=<strPrivacySegurity>} [Given that mateo wants to register on the page Utest
| strFirstname | strLastname | strEmail | strMonth | srtDay | strYear | strLanguages | strCity | strZipPostal | strCountry | strComputer | strVersion | strLanguage | strMobile | strModel | strOperating | strPassword | strConfirmPassword | strStayInformed | strTermsUse | strPrivacySegurity |
| mateo | molina | ma@hotmail.com | January | hhh | kkk | English | Bogota | 1234 | Colombia | Windows | 10 | Spanish | Apple | iPhone | iOS 2.0 | 123456789M# | 123456789M# | <strStayInformed> | <strTermsUse> | <strPrivacySegurity> | [Mateo open up [Mateo opens the Utest academy page]]]
[Test worker] WARN net.thucydides.core.steps.BaseStepListener - stepStarted: net.thucydides.core.steps.ExecutedStepDescription@1f9a7ea1
[Test worker] WARN net.thucydides.core.steps.BaseStepListener - stepStarted: net.thucydides.core.steps.ExecutedStepDescription@1ad4e208
[Test worker] WARN net.thucydides.core.steps.BaseStepListener - stepFinished: current outcome:register a user:Example: {strFirstname=mateo, strLastname=molina, strEmail=ma@hotmail.com, strMonth=January, srtDay=hhh, strYear=kkk, strLanguages=English, strCity=Bogota, strZipPostal=1234, strCountry=Colombia, strComputer=Windows, strVersion=10, strLanguage=Spanish, strMobile=Apple, strModel=iPhone, strOperating=iOS 2.0, strPassword=123456789M#, strConfirmPassword=123456789M#, strStayInformed=<strStayInformed>, strTermsUse=<strTermsUse>, strPrivacySegurity=<strPrivacySegurity>} [Given that mateo wants to register on the page Utest
| strFirstname | strLastname | strEmail | strMonth | srtDay | strYear | strLanguages | strCity | strZipPostal | strCountry | strComputer | strVersion | strLanguage | strMobile | strModel | strOperating | strPassword | strConfirmPassword | strStayInformed | strTermsUse | strPrivacySegurity |
| mateo | molina | ma@hotmail.com | January | hhh | kkk | English | Bogota | 1234 | Colombia | Windows | 10 | Spanish | Apple | iPhone | iOS 2.0 | 123456789M# | 123456789M# | <strStayInformed> | <strTermsUse> | <strPrivacySegurity> | [Mateo open up [Mateo opens the Utest academy page], Mateo registr [Mateo clicks on button to enter the registration form]]]
[Test worker] WARN net.thucydides.core.steps.BaseStepListener - stepStarted: net.thucydides.core.steps.ExecutedStepDescription@577db279
[Test worker] WARN net.thucydides.core.steps.BaseStepListener - stepFinished: current outcome:register a user:Example: {strFirstname=mateo, strLastname=molina, strEmail=ma@hotmail.com, strMonth=January, srtDay=hhh, strYear=kkk, strLanguages=English, strCity=Bogota, strZipPostal=1234, strCountry=Colombia, strComputer=Windows, strVersion=10, strLanguage=Spanish, strMobile=Apple, strModel=iPhone, strOperating=iOS 2.0, strPassword=123456789M#, strConfirmPassword=123456789M#, strStayInformed=<strStayInformed>, strTermsUse=<strTermsUse>, strPrivacySegurity=<strPrivacySegurity>} [Given that mateo wants to register on the page Utest
| strFirstname | strLastname | strEmail | strMonth | srtDay | strYear | strLanguages | strCity | strZipPostal | strCountry | strComputer | strVersion | strLanguage | strMobile | strModel | strOperating | strPassword | strConfirmPassword | strStayInformed | strTermsUse | strPrivacySegurity |
| mateo | molina | ma@hotmail.com | January | hhh | kkk | English | Bogota | 1234 | Colombia | Windows | 10 | Spanish | Apple | iPhone | iOS 2.0 | 123456789M# | 123456789M# | <strStayInformed> | <strTermsUse> | <strPrivacySegurity> | [Mateo open up [Mateo opens the Utest academy page], Mateo registr [Mateo clicks on button to enter the registration form, Mateo enters 'mateo' into where do we write the name]]]
[Test worker] WARN net.thucydides.core.steps.BaseStepListener - stepStarted: net.thucydides.core.steps.ExecutedStepDescription@2ef2a349
[Test worker] WARN net.thucydides.core.steps.BaseStepListener - stepFinished: current outcome:register a user:Example: {strFirstname=mateo, strLastname=molina, strEmail=ma@hotmail.com, strMonth=January, srtDay=hhh, strYear=kkk, strLanguages=English, strCity=Bogota, strZipPostal=1234, strCountry=Colombia, strComputer=Windows, strVersion=10, strLanguage=Spanish, strMobile=Apple, strModel=iPhone, strOperating=iOS 2.0, strPassword=123456789M#, strConfirmPassword=123456789M#, strStayInformed=<strStayInformed>, strTermsUse=<strTermsUse>, strPrivacySegurity=<strPrivacySegurity>} [Given that mateo wants to register on the page Utest
| strFirstname | strLastname | strEmail | strMonth | srtDay | strYear | strLanguages | strCity | strZipPostal | strCountry | strComputer | strVersion | strLanguage | strMobile | strModel | strOperating | strPassword | strConfirmPassword | strStayInformed | strTermsUse | strPrivacySegurity |
| mateo | molina | ma@hotmail.com | January | hhh | kkk | English | Bogota | 1234 | Colombia | Windows | 10 | Spanish | Apple | iPhone | iOS 2.0 | 123456789M# | 123456789M# | <strStayInformed> | <strTermsUse> | <strPrivacySegurity> | [Mateo open up [Mateo opens the Utest academy page], Mateo registr [Mateo clicks on button to enter the registration form, Mateo enters 'mateo' into where do we write the name, Mateo enters 'molina' into where do we write the last name]]]
[Test worker] WARN net.thucydides.core.steps.BaseStepListener - stepStarted: net.thucydides.core.steps.ExecutedStepDescription@da24fc0
[Test worker] WARN net.thucydides.core.steps.BaseStepListener - stepFinished: current outcome:register a user:Example: {strFirstname=mateo, strLastname=molina, strEmail=ma@hotmail.com, strMonth=January, srtDay=hhh, strYear=kkk, strLanguages=English, strCity=Bogota, strZipPostal=1234, strCountry=Colombia, strComputer=Windows, strVersion=10, strLanguage=Spanish, strMobile=Apple, strModel=iPhone, strOperating=iOS 2.0, strPassword=123456789M#, strConfirmPassword=123456789M#, strStayInformed=<strStayInformed>, strTermsUse=<strTermsUse>, strPrivacySegurity=<strPrivacySegurity>} [Given that mateo wants to register on the page Utest
| strFirstname | strLastname | strEmail | strMonth | srtDay | strYear | strLanguages | strCity | strZipPostal | strCountry | strComputer | strVersion | strLanguage | strMobile | strModel | strOperating | strPassword | strConfirmPassword | strStayInformed | strTermsUse | strPrivacySegurity |
| mateo | molina | ma@hotmail.com | January | hhh | kkk | English | Bogota | 1234 | Colombia | Windows | 10 | Spanish | Apple | iPhone | iOS 2.0 | 123456789M# | 123456789M# | <strStayInformed> | <strTermsUse> | <strPrivacySegurity> | [Mateo open up [Mateo opens the Utest academy page], Mateo registr [Mateo clicks on button to enter the registration form, Mateo enters 'mateo' into where do we write the name, Mateo enters 'molina' into where do we write the last name, Mateo enters 'ma@hotmail.com' into where do we write the mail]]]
[Test worker] WARN net.thucydides.core.steps.BaseStepListener - stepStarted: net.thucydides.core.steps.ExecutedStepDescription@3d04798f
[Test worker] WARN net.thucydides.core.steps.BaseStepListener - stepStarted: net.thucydides.core.steps.ExecutedStepDescription@33fdd902
[Test worker] WARN net.thucydides.core.steps.BaseStepListener - stepStarted: net.thucydides.core.steps.ExecutedStepDescription@1fb2002e
[Test worker] WARN net.thucydides.core.steps.BaseStepListener - testFinished: register a user:Example: {strFirstname=mateo, strLastname=molina, strEmail=ma@hotmail.com, strMonth=January, srtDay=hhh, strYear=kkk, strLanguages=English, strCity=Bogota, strZipPostal=1234, strCountry=Colombia, strComputer=Windows, strVersion=10, strLanguage=Spanish, strMobile=Apple, strModel=iPhone, strOperating=iOS 2.0, strPassword=123456789M#, strConfirmPassword=123456789M#, strStayInformed=<strStayInformed>, strTermsUse=<strTermsUse>, strPrivacySegurity=<strPrivacySegurity>} [Given that mateo wants to register on the page Utest
| strFirstname | strLastname | strEmail | strMonth | srtDay | strYear | strLanguages | strCity | strZipPostal | strCountry | strComputer | strVersion | strLanguage | strMobile | strModel | strOperating | strPassword | strConfirmPassword | strStayInformed | strTermsUse | strPrivacySegurity |
| mateo | molina | ma@hotmail.com | January | hhh | kkk | English | Bogota | 1234 | Colombia | Windows | 10 | Spanish | Apple | iPhone | iOS 2.0 | 123456789M# | 123456789M# | <strStayInformed> | <strTermsUse> | <strPrivacySegurity> | [Mateo open up [Mateo opens the Utest academy page], Mateo registr [Mateo clicks on button to enter the registration form, Mateo enters 'mateo' into where do we write the name, Mateo enters 'molina' into where do we write the last name, Mateo enters 'ma@hotmail.com' into where do we write the mail, Mateo enters 'January' into where do i select the month]]], When we register with the data shown on the page, Then the registration is successful
[Test worker] WARN net.thucydides.core.steps.BaseStepListener - TestOutcomes: [register a user:Example: {strFirstname=mateo, strLastname=molina, strEmail=ma@hotmail.com, strMonth=January, srtDay=hhh, strYear=kkk, strLanguages=English, strCity=Bogota, strZipPostal=1234, strCountry=Colombia, strComputer=Windows, strVersion=10, strLanguage=Spanish, strMobile=Apple, strModel=iPhone, strOperating=iOS 2.0, strPassword=123456789M#, strConfirmPassword=123456789M#, strStayInformed=<strStayInformed>, strTermsUse=<strTermsUse>, strPrivacySegurity=<strPrivacySegurity>} [Given that mateo wants to register on the page Utest
| strFirstname | strLastname | strEmail | strMonth | srtDay | strYear | strLanguages | strCity | strZipPostal | strCountry | strComputer | strVersion | strLanguage | strMobile | strModel | strOperating | strPassword | strConfirmPassword | strStayInformed | strTermsUse | strPrivacySegurity |
| mateo | molina | ma@hotmail.com | January | hhh | kkk | English | Bogota | 1234 | Colombia | Windows | 10 | Spanish | Apple | iPhone | iOS 2.0 | 123456789M# | 123456789M# | <strStayInformed> | <strTermsUse> | <strPrivacySegurity> | [Mateo open up [Mateo opens the Utest academy page], Mateo registr [Mateo clicks on button to enter the registration form, Mateo enters 'mateo' into where do we write the name, Mateo enters 'molina' into where do we write the last name, Mateo enters 'ma@hotmail.com' into where do we write the mail, Mateo enters 'January' into where do i select the month]]], When we register with the data shown on the page, Then the registration is successful]
[Test worker] WARN net.thucydides.core.steps.BaseStepListener - Final testOutcomes: [register a user:Example: {strFirstname=mateo, strLastname=molina, strEmail=ma@hotmail.com, strMonth=January, srtDay=hhh, strYear=kkk, strLanguages=English, strCity=Bogota, strZipPostal=1234, strCountry=Colombia, strComputer=Windows, strVersion=10, strLanguage=Spanish, strMobile=Apple, strModel=iPhone, strOperating=iOS 2.0, strPassword=123456789M#, strConfirmPassword=123456789M#, strStayInformed=<strStayInformed>, strTermsUse=<strTermsUse>, strPrivacySegurity=<strPrivacySegurity>} [Given that mateo wants to register on the page Utest
| strFirstname | strLastname | strEmail | strMonth | srtDay | strYear | strLanguages | strCity | strZipPostal | strCountry | strComputer | strVersion | strLanguage | strMobile | strModel | strOperating | strPassword | strConfirmPassword | strStayInformed | strTermsUse | strPrivacySegurity |
| mateo | molina | ma@hotmail.com | January | hhh | kkk | English | Bogota | 1234 | Colombia | Windows | 10 | Spanish | Apple | iPhone | iOS 2.0 | 123456789M# | 123456789M# | <strStayInformed> | <strTermsUse> | <strPrivacySegurity> | [Mateo open up [Mateo opens the Utest academy page], Mateo registr [Mateo clicks on button to enter the registration form, Mateo enters 'mateo' into where do we write the name, Mateo enters 'molina' into where do we write the last name, Mateo enters 'ma@hotmail.com' into where do we write the mail, Mateo enters 'January' into where do i select the month]]], When we register with the data shown on the page, Then the registration is successful]
[Test worker] ERROR net.thucydides.core.steps.ConsoleLoggingListener - 
           __  _____ _____ ____ _____   _____ _    ___ _     _____ ____  
  _       / / |_   _| ____/ ___|_   _| |  ___/ \  |_ _| |   | ____|  _ \ 
 (_)_____| |    | | |  _| \___ \ | |   | |_ / _ \  | || |   |  _| | | | |
  _|_____| |    | | | |___ ___) || |   |  _/ ___ \ | || |___| |___| |_| |
 (_)     | |    |_| |_____|____/ |_|   |_|/_/   \_\___|_____|_____|____/ 
          \_\                                                            

TEST FAILED WITH ERROR: register a user
---------------------------------------------------------------------
[Test worker] ERROR net.thucydides.core.steps.ConsoleLoggingListener - TEST FAILED AT STEP Mateo enters 'January' into where do i select the month
[Test worker] ERROR net.thucydides.core.steps.ConsoleLoggingListener - element not interactable
]]></system-err>
</testsuite>
